#
# There is insufficient memory for the Java Runtime Environment to continue.
# Native memory allocation (malloc) failed to allocate 32744 bytes for ChunkPool::allocate
# Possible reasons:
#   The system is out of physical RAM or swap space
#   The process is running with CompressedOops enabled, and the Java Heap may be blocking the growth of the native heap
# Possible solutions:
#   Reduce memory load on the system
#   Increase physical memory or swap space
#   Check if swap backing store is full
#   Decrease Java heap size (-Xmx/-Xms)
#   Decrease number of Java threads
#   Decrease Java thread stack sizes (-Xss)
#   Set larger code cache with -XX:ReservedCodeCacheSize=
#   JVM is running with Unscaled Compressed Oops mode in which the Java heap is
#     placed in the first 4GB address space. The Java Heap base address is the
#     maximum limit for the native heap growth. Please use -XX:HeapBaseMinAddress
#     to set the Java Heap base and to place the Java Heap above 4GB virtual address.
# This output file may be truncated or incomplete.
#
#  Out of Memory Error (t:/workspace/open/src/hotspot/share/memory/arena.cpp:80), pid=11888, tid=12112
#
# JRE version: Java(TM) SE Runtime Environment (13.0.1+9) (build 13.0.1+9)
# Java VM: Java HotSpot(TM) 64-Bit Server VM (13.0.1+9, mixed mode, sharing, tiered, compressed oops, g1 gc, windows-amd64)
# No core dump will be written. Minidumps are not enabled by default on client versions of Windows
#

---------------  S U M M A R Y ------------

Command Line: -Dfile.encoding=MS949 --module-path=C:\Users\madja\Desktop\CodeTracer\bin -Djdk.module.main=CodeTracer CodeTracer/codetracerPack.Main

Host: Intel(R) Core(TM) i5-8265U CPU @ 1.60GHz, 8 cores, 3G,  Windows 10 , 64 bit Build 17763 (10.0.17763.475)
Time: Mon Dec  2 12:53:55 2019 ¢¥eCN©öI¡¾©ö C¡ÍA¨ª¨öA elapsed time: 5523 seconds (0d 1h 32m 3s)

---------------  T H R E A D  ---------------

Current thread (0x0000022e5e812800):  VMThread "VM Thread" [stack: 0x0000005854100000,0x0000005854200000] [id=12112] _threads_hazard_ptr=0x0000022e6048dd30

Stack: [0x0000005854100000,0x0000005854200000]
[error occurred during error reporting (printing stack bounds), id 0xc0000005, EXCEPTION_ACCESS_VIOLATION (0xc0000005) at pc=0x0000022e4a5310ad]

Native frames: (J=compiled Java code, j=interpreted, Vv=VM code, C=native code)
V  [jvm.dll+0x626eca]
V  [jvm.dll+0x772c6a]
V  [jvm.dll+0x77441f]
V  [jvm.dll+0x774985]
V  [jvm.dll+0x77493b]
V  [jvm.dll+0x6266ff]
C  [ntdll.dll+0x66b26]
C  [ntdll.dll+0x4849]
C  [ntdll.dll+0xa34ee]
C  0x0000022e4a5310ad

VM_Operation (0x0000005854efd630): BulkRevokeBias, mode: safepoint, requested by thread 0x0000022e5f440800


---------------  P R O C E S S  ---------------

Threads class SMR info:
_java_thread_list=0x0000022e6048dd30, length=140, elements={
0x0000022e5e815800, 0x0000022e5e819000, 0x0000022e5e837800, 0x0000022e5e839800,
0x0000022e5e83a800, 0x0000022e5e83f000, 0x0000022e5e851800, 0x0000022e5e7fa000,
0x0000022e5f1bd800, 0x0000022e5f432000, 0x0000022e5f407000, 0x0000022e5f440800,
0x0000022e6007b800, 0x0000022e4202e800, 0x0000022e5f2b0000, 0x0000022e5f2c3000,
0x0000022e5f2ee000, 0x0000022e5f31c000, 0x0000022e5f323800, 0x0000022e5f321000,
0x0000022e5f321800, 0x0000022e5f320000, 0x0000022e5f322800, 0x0000022e5f31d800,
0x0000022e5f324000, 0x0000022e5f31e800, 0x0000022e5f31f800, 0x0000022e6024f000,
0x0000022e6024a800, 0x0000022e60250000, 0x0000022e6024d800, 0x0000022e60251000,
0x0000022e6024e800, 0x0000022e6024b000, 0x0000022e6024c800, 0x0000022e60251800,
0x0000022e6024c000, 0x0000022e60257800, 0x0000022e60253800, 0x0000022e60255000,
0x0000022e60252800, 0x0000022e60255800, 0x0000022e60259000, 0x0000022e60258000,
0x0000022e60256800, 0x0000022e60254000, 0x0000022e6058a000, 0x0000022e60587000,
0x0000022e60588800, 0x0000022e60585800, 0x0000022e60586000, 0x0000022e60589800,
0x0000022e6058c000, 0x0000022e6058c800, 0x0000022e6058d800, 0x0000022e6058b000,
0x0000022e60587800, 0x0000022e60590000, 0x0000022e60593000, 0x0000022e6058e800,
0x0000022e6058f000, 0x0000022e60592800, 0x0000022e60594000, 0x0000022e60590800,
0x0000022e60591800, 0x0000022e62c54000, 0x0000022e62c56800, 0x0000022e62c53000,
0x0000022e62c57000, 0x0000022e62c58000, 0x0000022e62c52800, 0x0000022e62c59000,
0x0000022e62c59800, 0x0000022e62c5a800, 0x0000022e62c54800, 0x0000022e62c5b800,
0x0000022e62c55800, 0x0000022e62c5f800, 0x0000022e62c60000, 0x0000022e62c5c000,
0x0000022e62c5d000, 0x0000022e62c61000, 0x0000022e62c5d800, 0x0000022e62c5e800,
0x0000022e60317000, 0x0000022e6031c000, 0x0000022e60318800, 0x0000022e6031a800,
0x0000022e60318000, 0x0000022e60319800, 0x0000022e6031b000, 0x0000022e60316800,
0x0000022e6031d000, 0x0000022e6031e800, 0x0000022e60322800, 0x0000022e60321000,
0x0000022e6031f800, 0x0000022e60320000, 0x0000022e60321800, 0x0000022e6031d800,
0x0000022e60323800, 0x0000022e60324000, 0x0000022e60325000, 0x0000022e62dec800,
0x0000022e62dee800, 0x0000022e62ded800, 0x0000022e62deb000, 0x0000022e62def000,
0x0000022e62de9800, 0x0000022e62dec000, 0x0000022e62df0000, 0x0000022e62dea000,
0x0000022e62df0800, 0x0000022e62df6800, 0x0000022e62df7000, 0x0000022e62df1800,
0x0000022e62df4000, 0x0000022e62df5000, 0x0000022e62df5800, 0x0000022e62df8000,
0x0000022e62df2800, 0x0000022e62df3000, 0x0000022e60408800, 0x0000022e60409000,
0x0000022e6040a000, 0x0000022e60404800, 0x0000022e6040b000, 0x0000022e60405000,
0x0000022e6040b800, 0x0000022e60406000, 0x0000022e6040c800, 0x0000022e60406800,
0x0000022e6040d800, 0x0000022e60407800, 0x0000022e60410800, 0x0000022e6040f800,
0x0000022e6040f000, 0x0000022e60413000, 0x0000022e60411800, 0x0000022e60412000
}

Java Threads: ( => current thread )
  0x0000022e5e815800 JavaThread "Reference Handler" daemon [_thread_blocked, id=10820, stack(0x0000005854200000,0x0000005854300000)]
  0x0000022e5e819000 JavaThread "Finalizer" daemon [_thread_blocked, id=15752, stack(0x0000005854300000,0x0000005854400000)]
  0x0000022e5e837800 JavaThread "Signal Dispatcher" daemon [_thread_blocked, id=20216, stack(0x0000005854400000,0x0000005854500000)]
  0x0000022e5e839800 JavaThread "Attach Listener" daemon [_thread_blocked, id=20212, stack(0x0000005854500000,0x0000005854600000)]
  0x0000022e5e83a800 JavaThread "C2 CompilerThread0" daemon [_thread_blocked, id=20220, stack(0x0000005854600000,0x0000005854700000)]
  0x0000022e5e83f000 JavaThread "C1 CompilerThread0" daemon [_thread_blocked, id=11388, stack(0x0000005854700000,0x0000005854800000)]
  0x0000022e5e851800 JavaThread "Sweeper thread" daemon [_thread_blocked, id=19780, stack(0x0000005854800000,0x0000005854900000)]
  0x0000022e5e7fa000 JavaThread "Common-Cleaner" daemon [_thread_blocked, id=10796, stack(0x0000005854900000,0x0000005854a00000)]
  0x0000022e5f1bd800 JavaThread "Service Thread" daemon [_thread_blocked, id=14212, stack(0x0000005854a00000,0x0000005854b00000)]
  0x0000022e5f432000 JavaThread "Java2D Disposer" daemon [_thread_blocked, id=12956, stack(0x0000005854c00000,0x0000005854d00000)]
  0x0000022e5f407000 JavaThread "AWT-Shutdown" [_thread_blocked, id=11788, stack(0x0000005854d00000,0x0000005854e00000)]
  0x0000022e5f440800 JavaThread "AWT-Windows" daemon [_thread_blocked, id=15792, stack(0x0000005854e00000,0x0000005854f00000)]
  0x0000022e6007b800 JavaThread "AWT-EventQueue-0" [_thread_blocked, id=20200, stack(0x0000005855000000,0x0000005855100000)]
  0x0000022e4202e800 JavaThread "DestroyJavaVM" [_thread_blocked, id=20092, stack(0x0000005853b00000,0x0000005853c00000)]
  0x0000022e5f2b0000 JavaThread "Java Sound Event Dispatcher" daemon [_thread_blocked, id=16744, stack(0x0000005855600000,0x0000005855700000)]
  0x0000022e5f2c3000 JavaThread "Direct Clip" daemon [_thread_blocked, id=12580, stack(0x0000005855900000,0x0000005855a00000)]
  0x0000022e5f2ee000 JavaThread "Direct Clip" daemon [_thread_blocked, id=6148, stack(0x0000005855a00000,0x0000005855b00000)]
  0x0000022e5f31c000 JavaThread "Direct Clip" daemon [_thread_blocked, id=5504, stack(0x0000005855d00000,0x0000005855e00000)]
  0x0000022e5f323800 JavaThread "Direct Clip" daemon [_thread_blocked, id=16012, stack(0x0000005855e00000,0x0000005855f00000)]
  0x0000022e5f321000 JavaThread "Direct Clip" daemon [_thread_blocked, id=17188, stack(0x0000005855f00000,0x0000005856000000)]
  0x0000022e5f321800 JavaThread "Direct Clip" daemon [_thread_blocked, id=4400, stack(0x0000005856000000,0x0000005856100000)]
  0x0000022e5f320000 JavaThread "Direct Clip" daemon [_thread_blocked, id=14768, stack(0x0000005856100000,0x0000005856200000)]
  0x0000022e5f322800 JavaThread "Direct Clip" daemon [_thread_blocked, id=10028, stack(0x0000005856200000,0x0000005856300000)]
  0x0000022e5f31d800 JavaThread "Direct Clip" daemon [_thread_blocked, id=3416, stack(0x0000005856300000,0x0000005856400000)]
  0x0000022e5f324000 JavaThread "Direct Clip" daemon [_thread_blocked, id=7576, stack(0x0000005856400000,0x0000005856500000)]
  0x0000022e5f31e800 JavaThread "Direct Clip" daemon [_thread_blocked, id=880, stack(0x0000005856500000,0x0000005856600000)]
  0x0000022e5f31f800 JavaThread "Direct Clip" daemon [_thread_blocked, id=7056, stack(0x0000005856600000,0x0000005856700000)]
  0x0000022e6024f000 JavaThread "Direct Clip" daemon [_thread_blocked, id=14532, stack(0x0000005856700000,0x0000005856800000)]
  0x0000022e6024a800 JavaThread "Direct Clip" daemon [_thread_blocked, id=17756, stack(0x0000005856800000,0x0000005856900000)]
  0x0000022e60250000 JavaThread "Direct Clip" daemon [_thread_blocked, id=6312, stack(0x0000005856900000,0x0000005856a00000)]
  0x0000022e6024d800 JavaThread "Direct Clip" daemon [_thread_blocked, id=19420, stack(0x0000005856a00000,0x0000005856b00000)]
  0x0000022e60251000 JavaThread "Direct Clip" daemon [_thread_blocked, id=11456, stack(0x0000005856b00000,0x0000005856c00000)]
  0x0000022e6024e800 JavaThread "Direct Clip" daemon [_thread_blocked, id=2572, stack(0x0000005856c00000,0x0000005856d00000)]
  0x0000022e6024b000 JavaThread "Direct Clip" daemon [_thread_blocked, id=9060, stack(0x0000005856d00000,0x0000005856e00000)]
  0x0000022e6024c800 JavaThread "Direct Clip" daemon [_thread_blocked, id=6704, stack(0x0000005856e00000,0x0000005856f00000)]
  0x0000022e60251800 JavaThread "Direct Clip" daemon [_thread_blocked, id=2204, stack(0x0000005856f00000,0x0000005857000000)]
  0x0000022e6024c000 JavaThread "Direct Clip" daemon [_thread_blocked, id=17776, stack(0x0000005857000000,0x0000005857100000)]
  0x0000022e60257800 JavaThread "Direct Clip" daemon [_thread_blocked, id=13168, stack(0x0000005857100000,0x0000005857200000)]
  0x0000022e60253800 JavaThread "Direct Clip" daemon [_thread_blocked, id=10156, stack(0x0000005857200000,0x0000005857300000)]
  0x0000022e60255000 JavaThread "Direct Clip" daemon [_thread_blocked, id=12408, stack(0x0000005857a00000,0x0000005857b00000)]
  0x0000022e60252800 JavaThread "Direct Clip" daemon [_thread_blocked, id=14880, stack(0x0000005857b00000,0x0000005857c00000)]
  0x0000022e60255800 JavaThread "Direct Clip" daemon [_thread_blocked, id=18672, stack(0x0000005857c00000,0x0000005857d00000)]
  0x0000022e60259000 JavaThread "Direct Clip" daemon [_thread_blocked, id=12212, stack(0x0000005857d00000,0x0000005857e00000)]
  0x0000022e60258000 JavaThread "Direct Clip" daemon [_thread_blocked, id=16400, stack(0x0000005857e00000,0x0000005857f00000)]
  0x0000022e60256800 JavaThread "Direct Clip" daemon [_thread_blocked, id=18540, stack(0x0000005857f00000,0x0000005858000000)]
  0x0000022e60254000 JavaThread "Direct Clip" daemon [_thread_blocked, id=9356, stack(0x0000005858000000,0x0000005858100000)]
  0x0000022e6058a000 JavaThread "Direct Clip" daemon [_thread_blocked, id=4192, stack(0x0000005858100000,0x0000005858200000)]
  0x0000022e60587000 JavaThread "Direct Clip" daemon [_thread_blocked, id=6200, stack(0x0000005858200000,0x0000005858300000)]
  0x0000022e60588800 JavaThread "Direct Clip" daemon [_thread_blocked, id=10092, stack(0x0000005858300000,0x0000005858400000)]
  0x0000022e60585800 JavaThread "Direct Clip" daemon [_thread_blocked, id=10184, stack(0x0000005858400000,0x0000005858500000)]
  0x0000022e60586000 JavaThread "Direct Clip" daemon [_thread_blocked, id=9252, stack(0x0000005858500000,0x0000005858600000)]
  0x0000022e60589800 JavaThread "Direct Clip" daemon [_thread_blocked, id=5184, stack(0x0000005858600000,0x0000005858700000)]
  0x0000022e6058c000 JavaThread "Direct Clip" daemon [_thread_blocked, id=11536, stack(0x0000005858700000,0x0000005858800000)]
  0x0000022e6058c800 JavaThread "Direct Clip" daemon [_thread_blocked, id=4732, stack(0x0000005858800000,0x0000005858900000)]
  0x0000022e6058d800 JavaThread "Direct Clip" daemon [_thread_blocked, id=17160, stack(0x0000005858900000,0x0000005858a00000)]
  0x0000022e6058b000 JavaThread "Direct Clip" daemon [_thread_blocked, id=6660, stack(0x0000005858a00000,0x0000005858b00000)]
  0x0000022e60587800 JavaThread "Direct Clip" daemon [_thread_blocked, id=13820, stack(0x0000005858b00000,0x0000005858c00000)]
  0x0000022e60590000 JavaThread "Direct Clip" daemon [_thread_blocked, id=12704, stack(0x0000005858c00000,0x0000005858d00000)]
  0x0000022e60593000 JavaThread "Direct Clip" daemon [_thread_blocked, id=5072, stack(0x0000005858d00000,0x0000005858e00000)]
  0x0000022e6058e800 JavaThread "Direct Clip" daemon [_thread_blocked, id=11972, stack(0x0000005858e00000,0x0000005858f00000)]
  0x0000022e6058f000 JavaThread "Direct Clip" daemon [_thread_blocked, id=17772, stack(0x0000005858f00000,0x0000005859000000)]
  0x0000022e60592800 JavaThread "Direct Clip" daemon [_thread_blocked, id=16104, stack(0x0000005859000000,0x0000005859100000)]
  0x0000022e60594000 JavaThread "Direct Clip" daemon [_thread_blocked, id=12512, stack(0x0000005859100000,0x0000005859200000)]
  0x0000022e60590800 JavaThread "Direct Clip" daemon [_thread_blocked, id=13596, stack(0x0000005859200000,0x0000005859300000)]
  0x0000022e60591800 JavaThread "Direct Clip" daemon [_thread_blocked, id=8124, stack(0x0000005859300000,0x0000005859400000)]
  0x0000022e62c54000 JavaThread "Direct Clip" daemon [_thread_blocked, id=15528, stack(0x0000005859400000,0x0000005859500000)]
  0x0000022e62c56800 JavaThread "Direct Clip" daemon [_thread_blocked, id=19068, stack(0x0000005859500000,0x0000005859600000)]
  0x0000022e62c53000 JavaThread "Direct Clip" daemon [_thread_blocked, id=14468, stack(0x0000005859600000,0x0000005859700000)]
  0x0000022e62c57000 JavaThread "Direct Clip" daemon [_thread_blocked, id=15196, stack(0x0000005859700000,0x0000005859800000)]
  0x0000022e62c58000 JavaThread "Direct Clip" daemon [_thread_blocked, id=18288, stack(0x0000005859800000,0x0000005859900000)]
  0x0000022e62c52800 JavaThread "Direct Clip" daemon [_thread_blocked, id=10708, stack(0x0000005859900000,0x0000005859a00000)]
  0x0000022e62c59000 JavaThread "Direct Clip" daemon [_thread_blocked, id=10484, stack(0x0000005859a00000,0x0000005859b00000)]
  0x0000022e62c59800 JavaThread "Direct Clip" daemon [_thread_blocked, id=3848, stack(0x0000005859b00000,0x0000005859c00000)]
  0x0000022e62c5a800 JavaThread "Direct Clip" daemon [_thread_blocked, id=13480, stack(0x0000005859c00000,0x0000005859d00000)]
  0x0000022e62c54800 JavaThread "Direct Clip" daemon [_thread_blocked, id=12852, stack(0x0000005859d00000,0x0000005859e00000)]
  0x0000022e62c5b800 JavaThread "Direct Clip" daemon [_thread_blocked, id=8704, stack(0x0000005859e00000,0x0000005859f00000)]
  0x0000022e62c55800 JavaThread "Direct Clip" daemon [_thread_blocked, id=19400, stack(0x0000005859f00000,0x000000585a000000)]
  0x0000022e62c5f800 JavaThread "Direct Clip" daemon [_thread_blocked, id=9368, stack(0x000000585a000000,0x000000585a100000)]
  0x0000022e62c60000 JavaThread "Direct Clip" daemon [_thread_blocked, id=12856, stack(0x000000585a100000,0x000000585a200000)]
  0x0000022e62c5c000 JavaThread "Direct Clip" daemon [_thread_blocked, id=2344, stack(0x000000585a200000,0x000000585a300000)]
  0x0000022e62c5d000 JavaThread "Direct Clip" daemon [_thread_blocked, id=17420, stack(0x000000585a300000,0x000000585a400000)]
  0x0000022e62c61000 JavaThread "Direct Clip" daemon [_thread_blocked, id=19336, stack(0x000000585a400000,0x000000585a500000)]
  0x0000022e62c5d800 JavaThread "Direct Clip" daemon [_thread_blocked, id=12984, stack(0x000000585a500000,0x000000585a600000)]
  0x0000022e62c5e800 JavaThread "Direct Clip" daemon [_thread_blocked, id=13700, stack(0x000000585a600000,0x000000585a700000)]
  0x0000022e60317000 JavaThread "Direct Clip" daemon [_thread_blocked, id=19156, stack(0x000000585a700000,0x000000585a800000)]
  0x0000022e6031c000 JavaThread "Direct Clip" daemon [_thread_blocked, id=9616, stack(0x000000585a800000,0x000000585a900000)]
  0x0000022e60318800 JavaThread "Direct Clip" daemon [_thread_blocked, id=12456, stack(0x000000585a900000,0x000000585aa00000)]
  0x0000022e6031a800 JavaThread "Direct Clip" daemon [_thread_blocked, id=4220, stack(0x000000585aa00000,0x000000585ab00000)]
  0x0000022e60318000 JavaThread "Direct Clip" daemon [_thread_blocked, id=8048, stack(0x000000585ac00000,0x000000585ad00000)]
  0x0000022e60319800 JavaThread "Direct Clip" daemon [_thread_blocked, id=1548, stack(0x000000585ad00000,0x000000585ae00000)]
  0x0000022e6031b000 JavaThread "Direct Clip" daemon [_thread_blocked, id=18944, stack(0x000000585ae00000,0x000000585af00000)]
  0x0000022e60316800 JavaThread "Direct Clip" daemon [_thread_blocked, id=14024, stack(0x000000585af00000,0x000000585b000000)]
  0x0000022e6031d000 JavaThread "Direct Clip" daemon [_thread_blocked, id=5396, stack(0x000000585b000000,0x000000585b100000)]
  0x0000022e6031e800 JavaThread "Direct Clip" daemon [_thread_blocked, id=3028, stack(0x000000585b100000,0x000000585b200000)]
  0x0000022e60322800 JavaThread "Direct Clip" daemon [_thread_blocked, id=9516, stack(0x000000585b200000,0x000000585b300000)]
  0x0000022e60321000 JavaThread "Direct Clip" daemon [_thread_blocked, id=9376, stack(0x000000585b300000,0x000000585b400000)]
  0x0000022e6031f800 JavaThread "Direct Clip" daemon [_thread_blocked, id=13012, stack(0x000000585b400000,0x000000585b500000)]
  0x0000022e60320000 JavaThread "Direct Clip" daemon [_thread_blocked, id=15588, stack(0x000000585b500000,0x000000585b600000)]
  0x0000022e60321800 JavaThread "Direct Clip" daemon [_thread_blocked, id=18328, stack(0x000000585b600000,0x000000585b700000)]
  0x0000022e6031d800 JavaThread "Direct Clip" daemon [_thread_blocked, id=17652, stack(0x000000585b700000,0x000000585b800000)]
  0x0000022e60323800 JavaThread "Direct Clip" daemon [_thread_blocked, id=3740, stack(0x000000585b800000,0x000000585b900000)]
  0x0000022e60324000 JavaThread "Direct Clip" daemon [_thread_blocked, id=15228, stack(0x000000585b900000,0x000000585ba00000)]
  0x0000022e60325000 JavaThread "Direct Clip" daemon [_thread_blocked, id=19344, stack(0x000000585ba00000,0x000000585bb00000)]
  0x0000022e62dec800 JavaThread "Direct Clip" daemon [_thread_blocked, id=10696, stack(0x000000585bb00000,0x000000585bc00000)]
  0x0000022e62dee800 JavaThread "Direct Clip" daemon [_thread_blocked, id=12948, stack(0x000000585bc00000,0x000000585bd00000)]
  0x0000022e62ded800 JavaThread "Direct Clip" daemon [_thread_blocked, id=14432, stack(0x000000585bd00000,0x000000585be00000)]
  0x0000022e62deb000 JavaThread "Direct Clip" daemon [_thread_blocked, id=10832, stack(0x000000585be00000,0x000000585bf00000)]
  0x0000022e62def000 JavaThread "Direct Clip" daemon [_thread_blocked, id=15884, stack(0x000000585bf00000,0x000000585c000000)]
  0x0000022e62de9800 JavaThread "Direct Clip" daemon [_thread_blocked, id=17456, stack(0x000000585c000000,0x000000585c100000)]
  0x0000022e62dec000 JavaThread "Direct Clip" daemon [_thread_blocked, id=10888, stack(0x000000585c100000,0x000000585c200000)]
  0x0000022e62df0000 JavaThread "Direct Clip" daemon [_thread_blocked, id=8076, stack(0x000000585c200000,0x000000585c300000)]
  0x0000022e62dea000 JavaThread "Direct Clip" daemon [_thread_blocked, id=19128, stack(0x000000585c300000,0x000000585c400000)]
  0x0000022e62df0800 JavaThread "Direct Clip" daemon [_thread_blocked, id=15028, stack(0x000000585c400000,0x000000585c500000)]
  0x0000022e62df6800 JavaThread "Direct Clip" daemon [_thread_blocked, id=11048, stack(0x000000585c500000,0x000000585c600000)]
  0x0000022e62df7000 JavaThread "Direct Clip" daemon [_thread_blocked, id=18224, stack(0x000000585c600000,0x000000585c700000)]
  0x0000022e62df1800 JavaThread "Direct Clip" daemon [_thread_blocked, id=9664, stack(0x000000585c700000,0x000000585c800000)]
  0x0000022e62df4000 JavaThread "Direct Clip" daemon [_thread_blocked, id=10196, stack(0x000000585c800000,0x000000585c900000)]
  0x0000022e62df5000 JavaThread "Direct Clip" daemon [_thread_blocked, id=5680, stack(0x000000585c900000,0x000000585ca00000)]
  0x0000022e62df5800 JavaThread "Direct Clip" daemon [_thread_blocked, id=6420, stack(0x000000585ca00000,0x000000585cb00000)]
  0x0000022e62df8000 JavaThread "Direct Clip" daemon [_thread_blocked, id=6336, stack(0x000000585cb00000,0x000000585cc00000)]
  0x0000022e62df2800 JavaThread "Direct Clip" daemon [_thread_blocked, id=3720, stack(0x000000585cc00000,0x000000585cd00000)]
  0x0000022e62df3000 JavaThread "Direct Clip" daemon [_thread_blocked, id=744, stack(0x000000585cd00000,0x000000585ce00000)]
  0x0000022e60408800 JavaThread "Direct Clip" daemon [_thread_blocked, id=17944, stack(0x000000585ce00000,0x000000585cf00000)]
  0x0000022e60409000 JavaThread "Direct Clip" daemon [_thread_blocked, id=17200, stack(0x000000585cf00000,0x000000585d000000)]
  0x0000022e6040a000 JavaThread "Direct Clip" daemon [_thread_blocked, id=8140, stack(0x000000585d000000,0x000000585d100000)]
  0x0000022e60404800 JavaThread "Direct Clip" daemon [_thread_blocked, id=7296, stack(0x000000585d100000,0x000000585d200000)]
  0x0000022e6040b000 JavaThread "Direct Clip" daemon [_thread_blocked, id=3572, stack(0x000000585d200000,0x000000585d300000)]
  0x0000022e60405000 JavaThread "Direct Clip" daemon [_thread_blocked, id=18304, stack(0x000000585d300000,0x000000585d400000)]
  0x0000022e6040b800 JavaThread "Direct Clip" daemon [_thread_blocked, id=11128, stack(0x000000585d400000,0x000000585d500000)]
  0x0000022e60406000 JavaThread "Direct Clip" daemon [_thread_blocked, id=18908, stack(0x000000585d500000,0x000000585d600000)]
  0x0000022e6040c800 JavaThread "Direct Clip" daemon [_thread_blocked, id=16920, stack(0x000000585d600000,0x000000585d700000)]
  0x0000022e60406800 JavaThread "Direct Clip" daemon [_thread_blocked, id=15172, stack(0x000000585d700000,0x000000585d800000)]
  0x0000022e6040d800 JavaThread "Direct Clip" daemon [_thread_blocked, id=10492, stack(0x000000585d800000,0x000000585d900000)]
  0x0000022e60407800 JavaThread "Direct Clip" daemon [_thread_blocked, id=18904, stack(0x000000585d900000,0x000000585da00000)]
  0x0000022e60410800 JavaThread "Direct Clip" daemon [_thread_blocked, id=18932, stack(0x000000585da00000,0x000000585db00000)]
  0x0000022e6040f800 JavaThread "Direct Clip" daemon [_thread_blocked, id=11692, stack(0x000000585db00000,0x000000585dc00000)]
  0x0000022e6040f000 JavaThread "Direct Clip" daemon [_thread_blocked, id=7616, stack(0x000000585dc00000,0x000000585dd00000)]
  0x0000022e60413000 JavaThread "Direct Clip" daemon [_thread_blocked, id=16584, stack(0x000000585dd00000,0x000000585de00000)]
  0x0000022e60411800 JavaThread "Direct Clip" daemon [_thread_blocked, id=16448, stack(0x000000585de00000,0x000000585df00000)]
  0x0000022e60412000 JavaThread "Timer-1" [_thread_blocked, id=9916, stack(0x000000585df00000,0x000000585e000000)]

Other Threads:
=>0x0000022e5e812800 VMThread "VM Thread" [stack: 0x0000005854100000,0x0000005854200000] [id=12112] _threads_hazard_ptr=0x0000022e6048dd30
  0x0000022e5f212000 WatcherThread [stack: 0x0000005854b00000,0x0000005854c00000] [id=13000]
  0x0000022e4205d000 GCTaskThread "GC Thread#0" [stack: 0x0000005853c00000,0x0000005853d00000] [id=13080]
  0x0000022e5f097000 GCTaskThread "GC Thread#1" [stack: 0x0000005857300000,0x0000005857400000] [id=8040]
  0x0000022e5f098000 GCTaskThread "GC Thread#2" [stack: 0x0000005857400000,0x0000005857500000] [id=16116]
  0x0000022e5f099000 GCTaskThread "GC Thread#3" [stack: 0x0000005857500000,0x0000005857600000] [id=3824]
  0x0000022e5f096800 GCTaskThread "GC Thread#4" [stack: 0x0000005857600000,0x0000005857700000] [id=18368]
  0x0000022e5f095800 GCTaskThread "GC Thread#5" [stack: 0x0000005857700000,0x0000005857800000] [id=15712]
  0x0000022e5f094800 GCTaskThread "GC Thread#6" [stack: 0x0000005857800000,0x0000005857900000] [id=19256]
  0x0000022e5f098800 GCTaskThread "GC Thread#7" [stack: 0x0000005857900000,0x0000005857a00000] [id=17404]
  0x0000022e42069000 ConcurrentGCThread "G1 Main Marker" [stack: 0x0000005853d00000,0x0000005853e00000] [id=19628]
  0x0000022e4206c000 ConcurrentGCThread "G1 Conc#0" [stack: 0x0000005853e00000,0x0000005853f00000] [id=7792]
  0x0000022e5f09a000 ConcurrentGCThread "G1 Conc#1" [stack: 0x000000585ab00000,0x000000585ac00000] [id=11732]
  0x0000022e5e690800 ConcurrentGCThread "G1 Refine#0" [stack: 0x0000005853f00000,0x0000005854000000] [id=1504]
  0x0000022e420fa000 ConcurrentGCThread "G1 Young RemSet Sampling" [stack: 0x0000005854000000,0x0000005854100000] [id=11712]

Threads with active compile tasks:

VM state:at safepoint (normal execution)

VM Mutex/Monitor currently owned by a thread:  ([mutex/lock_event])
[0x0000022e4202b570] Threads_lock - owner thread: 0x0000022e5e812800

Heap address: 0x00000000c2e00000, size: 978 MB, Compressed Oops mode: 32-bit
Narrow klass base: 0x0000000800000000, Narrow klass shift: 3
Compressed class space size: 1073741824 Address: 0x0000000800b40000

Heap:
 garbage-first heap   total 94208K, used 67986K [0x00000000c2e00000, 0x0000000100000000)
  region size 1024K, 6 young (6144K), 1 survivors (1024K)
 Metaspace       used 9210K, capacity 9501K, committed 9600K, reserved 1058816K
  class space    used 1015K, capacity 1141K, committed 1152K, reserved 1048576K
Heap Regions: E=young(eden), S=young(survivor), O=old, HS=humongous(starts), HC=humongous(continues), CS=collection set, F=free, A=archive, TAMS=top-at-mark-start (previous, next)
|   0|0x00000000c2e00000, 0x00000000c2e00000, 0x00000000c2f00000|  0%| F|  |TAMS 0x00000000c2e00000, 0x00000000c2e00000| Untracked 
|   1|0x00000000c2f00000, 0x00000000c3000000, 0x00000000c3000000|100%|HS|  |TAMS 0x00000000c3000000, 0x00000000c2f00000| Complete 
|   2|0x00000000c3000000, 0x00000000c3100000, 0x00000000c3100000|100%|HC|  |TAMS 0x00000000c3100000, 0x00000000c3000000| Complete 
|   3|0x00000000c3100000, 0x00000000c3200000, 0x00000000c3200000|100%|HC|  |TAMS 0x00000000c3200000, 0x00000000c3100000| Complete 
|   4|0x00000000c3200000, 0x00000000c3300000, 0x00000000c3300000|100%|HC|  |TAMS 0x00000000c3300000, 0x00000000c3200000| Complete 
|   5|0x00000000c3300000, 0x00000000c3400000, 0x00000000c3400000|100%| O|  |TAMS 0x00000000c3300000, 0x00000000c3300000| Untracked 
|   6|0x00000000c3400000, 0x00000000c3500000, 0x00000000c3500000|100%| O|  |TAMS 0x00000000c3500000, 0x00000000c3400000| Untracked 
|   7|0x00000000c3500000, 0x00000000c3500000, 0x00000000c3600000|  0%| F|  |TAMS 0x00000000c3500000, 0x00000000c3500000| Untracked 
|   8|0x00000000c3600000, 0x00000000c3700000, 0x00000000c3700000|100%| O|  |TAMS 0x00000000c3700000, 0x00000000c3600000| Untracked 
|   9|0x00000000c3700000, 0x00000000c3800000, 0x00000000c3800000|100%| O|  |TAMS 0x00000000c3800000, 0x00000000c3700000| Untracked 
|  10|0x00000000c3800000, 0x00000000c3900000, 0x00000000c3900000|100%| O|  |TAMS 0x00000000c3900000, 0x00000000c3800000| Untracked 
|  11|0x00000000c3900000, 0x00000000c3a00000, 0x00000000c3a00000|100%| O|  |TAMS 0x00000000c3a00000, 0x00000000c3900000| Untracked 
|  12|0x00000000c3a00000, 0x00000000c3b00000, 0x00000000c3b00000|100%| O|  |TAMS 0x00000000c3b00000, 0x00000000c3a00000| Untracked 
|  13|0x00000000c3b00000, 0x00000000c3c00000, 0x00000000c3c00000|100%| O|  |TAMS 0x00000000c3c00000, 0x00000000c3b00000| Untracked 
|  14|0x00000000c3c00000, 0x00000000c3d00000, 0x00000000c3d00000|100%| O|  |TAMS 0x00000000c3d00000, 0x00000000c3c00000| Untracked 
|  15|0x00000000c3d00000, 0x00000000c3d00000, 0x00000000c3e00000|  0%| F|  |TAMS 0x00000000c3d00000, 0x00000000c3d00000| Untracked 
|  16|0x00000000c3e00000, 0x00000000c3f00000, 0x00000000c3f00000|100%| O|  |TAMS 0x00000000c3f00000, 0x00000000c3e00000| Untracked 
|  17|0x00000000c3f00000, 0x00000000c4000000, 0x00000000c4000000|100%| O|  |TAMS 0x00000000c4000000, 0x00000000c3f00000| Untracked 
|  18|0x00000000c4000000, 0x00000000c4100000, 0x00000000c4100000|100%| O|  |TAMS 0x00000000c4000000, 0x00000000c4000000| Untracked 
|  19|0x00000000c4100000, 0x00000000c4200000, 0x00000000c4200000|100%| O|  |TAMS 0x00000000c4200000, 0x00000000c4100000| Untracked 
|  20|0x00000000c4200000, 0x00000000c4300000, 0x00000000c4300000|100%| O|  |TAMS 0x00000000c4300000, 0x00000000c4200000| Untracked 
|  21|0x00000000c4300000, 0x00000000c4400000, 0x00000000c4400000|100%| O|  |TAMS 0x00000000c4300000, 0x00000000c4300000| Untracked 
|  22|0x00000000c4400000, 0x00000000c4500000, 0x00000000c4500000|100%| O|  |TAMS 0x00000000c4400000, 0x00000000c4400000| Untracked 
|  23|0x00000000c4500000, 0x00000000c4600000, 0x00000000c4600000|100%| O|  |TAMS 0x00000000c4500000, 0x00000000c4500000| Untracked 
|  24|0x00000000c4600000, 0x00000000c4700000, 0x00000000c4700000|100%| O|  |TAMS 0x00000000c4700000, 0x00000000c4600000| Untracked 
|  25|0x00000000c4700000, 0x00000000c4800000, 0x00000000c4800000|100%| O|  |TAMS 0x00000000c4700000, 0x00000000c4700000| Untracked 
|  26|0x00000000c4800000, 0x00000000c4900000, 0x00000000c4900000|100%| O|  |TAMS 0x00000000c4900000, 0x00000000c4800000| Untracked 
|  27|0x00000000c4900000, 0x00000000c4900000, 0x00000000c4a00000|  0%| F|  |TAMS 0x00000000c4900000, 0x00000000c4900000| Untracked 
|  28|0x00000000c4a00000, 0x00000000c4b00000, 0x00000000c4b00000|100%| O|  |TAMS 0x00000000c4a00000, 0x00000000c4a00000| Untracked 
|  29|0x00000000c4b00000, 0x00000000c4b00000, 0x00000000c4c00000|  0%| F|  |TAMS 0x00000000c4b00000, 0x00000000c4b00000| Untracked 
|  30|0x00000000c4c00000, 0x00000000c4d00000, 0x00000000c4d00000|100%| O|  |TAMS 0x00000000c4c00000, 0x00000000c4c00000| Untracked 
|  31|0x00000000c4d00000, 0x00000000c4e00000, 0x00000000c4e00000|100%| O|  |TAMS 0x00000000c4d00000, 0x00000000c4d00000| Untracked 
|  32|0x00000000c4e00000, 0x00000000c4e00000, 0x00000000c4f00000|  0%| F|  |TAMS 0x00000000c4e00000, 0x00000000c4e00000| Untracked 
|  33|0x00000000c4f00000, 0x00000000c4f00000, 0x00000000c5000000|  0%| F|  |TAMS 0x00000000c4f00000, 0x00000000c4f00000| Untracked 
|  34|0x00000000c5000000, 0x00000000c5000000, 0x00000000c5100000|  0%| F|  |TAMS 0x00000000c5000000, 0x00000000c5000000| Untracked 
|  35|0x00000000c5100000, 0x00000000c5200000, 0x00000000c5200000|100%| O|  |TAMS 0x00000000c5100000, 0x00000000c5100000| Untracked 
|  36|0x00000000c5200000, 0x00000000c5200000, 0x00000000c5300000|  0%| F|  |TAMS 0x00000000c5200000, 0x00000000c5200000| Untracked 
|  37|0x00000000c5300000, 0x00000000c5400000, 0x00000000c5400000|100%| O|  |TAMS 0x00000000c5300000, 0x00000000c5300000| Untracked 
|  38|0x00000000c5400000, 0x00000000c5500000, 0x00000000c5500000|100%| O|  |TAMS 0x00000000c5400000, 0x00000000c5400000| Untracked 
|  39|0x00000000c5500000, 0x00000000c5600000, 0x00000000c5600000|100%| O|  |TAMS 0x00000000c5600000, 0x00000000c5500000| Untracked 
|  40|0x00000000c5600000, 0x00000000c5700000, 0x00000000c5700000|100%| O|  |TAMS 0x00000000c5600000, 0x00000000c5600000| Untracked 
|  41|0x00000000c5700000, 0x00000000c5800000, 0x00000000c5800000|100%| O|  |TAMS 0x00000000c5800000, 0x00000000c5700000| Untracked 
|  42|0x00000000c5800000, 0x00000000c5900000, 0x00000000c5900000|100%| O|  |TAMS 0x00000000c5800000, 0x00000000c5800000| Untracked 
|  43|0x00000000c5900000, 0x00000000c5a00000, 0x00000000c5a00000|100%| O|  |TAMS 0x00000000c5900000, 0x00000000c5900000| Untracked 
|  44|0x00000000c5a00000, 0x00000000c5b00000, 0x00000000c5b00000|100%| O|  |TAMS 0x00000000c5a00000, 0x00000000c5a00000| Untracked 
|  45|0x00000000c5b00000, 0x00000000c5c00000, 0x00000000c5c00000|100%| O|  |TAMS 0x00000000c5c00000, 0x00000000c5b00000| Untracked 
|  46|0x00000000c5c00000, 0x00000000c5d00000, 0x00000000c5d00000|100%| O|  |TAMS 0x00000000c5d00000, 0x00000000c5c00000| Untracked 
|  47|0x00000000c5d00000, 0x00000000c5e00000, 0x00000000c5e00000|100%| O|  |TAMS 0x00000000c5e00000, 0x00000000c5d00000| Untracked 
|  48|0x00000000c5e00000, 0x00000000c5e00000, 0x00000000c5f00000|  0%| F|  |TAMS 0x00000000c5e00000, 0x00000000c5e00000| Untracked 
|  49|0x00000000c5f00000, 0x00000000c6000000, 0x00000000c6000000|100%| O|  |TAMS 0x00000000c6000000, 0x00000000c5f00000| Untracked 
|  50|0x00000000c6000000, 0x00000000c6100000, 0x00000000c6100000|100%| O|  |TAMS 0x00000000c6000000, 0x00000000c6000000| Untracked 
|  51|0x00000000c6100000, 0x00000000c6200000, 0x00000000c6200000|100%| O|  |TAMS 0x00000000c6200000, 0x00000000c6100000| Untracked 
|  52|0x00000000c6200000, 0x00000000c6300000, 0x00000000c6300000|100%| O|  |TAMS 0x00000000c6200000, 0x00000000c6200000| Untracked 
|  53|0x00000000c6300000, 0x00000000c6400000, 0x00000000c6400000|100%| O|  |TAMS 0x00000000c6400000, 0x00000000c6300000| Untracked 
|  54|0x00000000c6400000, 0x00000000c6500000, 0x00000000c6500000|100%| O|  |TAMS 0x00000000c64cb000, 0x00000000c6400000| Untracked 
|  55|0x00000000c6500000, 0x00000000c6600000, 0x00000000c6600000|100%| O|  |TAMS 0x00000000c6500000, 0x00000000c6500000| Untracked 
|  56|0x00000000c6600000, 0x00000000c6700000, 0x00000000c6700000|100%| O|  |TAMS 0x00000000c6600000, 0x00000000c6600000| Untracked 
|  57|0x00000000c6700000, 0x00000000c6800000, 0x00000000c6800000|100%| O|  |TAMS 0x00000000c6700000, 0x00000000c6700000| Untracked 
|  58|0x00000000c6800000, 0x00000000c6900000, 0x00000000c6900000|100%| O|  |TAMS 0x00000000c6800000, 0x00000000c6800000| Untracked 
|  59|0x00000000c6900000, 0x00000000c6a00000, 0x00000000c6a00000|100%| O|  |TAMS 0x00000000c6900000, 0x00000000c6900000| Untracked 
|  60|0x00000000c6a00000, 0x00000000c6b00000, 0x00000000c6b00000|100%| O|  |TAMS 0x00000000c6a00000, 0x00000000c6a00000| Untracked 
|  61|0x00000000c6b00000, 0x00000000c6c00000, 0x00000000c6c00000|100%| O|  |TAMS 0x00000000c6b00000, 0x00000000c6b00000| Untracked 
|  62|0x00000000c6c00000, 0x00000000c6d00000, 0x00000000c6d00000|100%| O|  |TAMS 0x00000000c6c00000, 0x00000000c6c00000| Untracked 
|  63|0x00000000c6d00000, 0x00000000c6e00000, 0x00000000c6e00000|100%| O|  |TAMS 0x00000000c6d00000, 0x00000000c6d00000| Untracked 
|  64|0x00000000c6e00000, 0x00000000c6f00000, 0x00000000c6f00000|100%| O|  |TAMS 0x00000000c6e00000, 0x00000000c6e00000| Untracked 
|  65|0x00000000c6f00000, 0x00000000c7000000, 0x00000000c7000000|100%| O|  |TAMS 0x00000000c6f00000, 0x00000000c6f00000| Untracked 
|  66|0x00000000c7000000, 0x00000000c7100000, 0x00000000c7100000|100%| O|  |TAMS 0x00000000c7000000, 0x00000000c7000000| Untracked 
|  67|0x00000000c7100000, 0x00000000c7200000, 0x00000000c7200000|100%| O|  |TAMS 0x00000000c7100000, 0x00000000c7100000| Untracked 
|  68|0x00000000c7200000, 0x00000000c7300000, 0x00000000c7300000|100%| O|  |TAMS 0x00000000c7200000, 0x00000000c7200000| Untracked 
|  69|0x00000000c7300000, 0x00000000c7400000, 0x00000000c7400000|100%| O|  |TAMS 0x00000000c7300000, 0x00000000c7300000| Untracked 
|  70|0x00000000c7400000, 0x00000000c7500000, 0x00000000c7500000|100%| O|  |TAMS 0x00000000c7400000, 0x00000000c7400000| Untracked 
|  71|0x00000000c7500000, 0x00000000c7600000, 0x00000000c7600000|100%| O|  |TAMS 0x00000000c7500000, 0x00000000c7500000| Untracked 
|  72|0x00000000c7600000, 0x00000000c7664a00, 0x00000000c7700000| 39%| O|  |TAMS 0x00000000c7600000, 0x00000000c7600000| Untracked 
|  73|0x00000000c7700000, 0x00000000c7700000, 0x00000000c7800000|  0%| F|  |TAMS 0x00000000c7700000, 0x00000000c7700000| Untracked 
|  74|0x00000000c7800000, 0x00000000c7800000, 0x00000000c7900000|  0%| F|  |TAMS 0x00000000c7800000, 0x00000000c7800000| Untracked 
|  75|0x00000000c7900000, 0x00000000c7900000, 0x00000000c7a00000|  0%| F|  |TAMS 0x00000000c7900000, 0x00000000c7900000| Untracked 
|  76|0x00000000c7a00000, 0x00000000c7a00000, 0x00000000c7b00000|  0%| F|  |TAMS 0x00000000c7a00000, 0x00000000c7a00000| Untracked 
|  77|0x00000000c7b00000, 0x00000000c7b00000, 0x00000000c7c00000|  0%| F|  |TAMS 0x00000000c7b00000, 0x00000000c7b00000| Untracked 
|  78|0x00000000c7c00000, 0x00000000c7c00000, 0x00000000c7d00000|  0%| F|  |TAMS 0x00000000c7c00000, 0x00000000c7c00000| Untracked 
|  79|0x00000000c7d00000, 0x00000000c7d00000, 0x00000000c7e00000|  0%| F|  |TAMS 0x00000000c7d00000, 0x00000000c7d00000| Untracked 
|  80|0x00000000c7e00000, 0x00000000c7e00000, 0x00000000c7f00000|  0%| F|  |TAMS 0x00000000c7e00000, 0x00000000c7e00000| Untracked 
|  81|0x00000000c7f00000, 0x00000000c7f00000, 0x00000000c8000000|  0%| F|  |TAMS 0x00000000c7f00000, 0x00000000c7f00000| Untracked 
|  82|0x00000000c8000000, 0x00000000c8000000, 0x00000000c8100000|  0%| F|  |TAMS 0x00000000c8000000, 0x00000000c8000000| Untracked 
|  83|0x00000000c8100000, 0x00000000c8100000, 0x00000000c8200000|  0%| F|  |TAMS 0x00000000c8100000, 0x00000000c8100000| Untracked 
|  84|0x00000000c8200000, 0x00000000c8200000, 0x00000000c8300000|  0%| F|  |TAMS 0x00000000c8200000, 0x00000000c8200000| Untracked 
|  85|0x00000000c8300000, 0x00000000c8300000, 0x00000000c8400000|  0%| F|  |TAMS 0x00000000c8300000, 0x00000000c8300000| Untracked 
|  86|0x00000000c8400000, 0x00000000c849feb0, 0x00000000c8500000| 62%| E|  |TAMS 0x00000000c8400000, 0x00000000c8400000| Complete 
|  87|0x00000000c8500000, 0x00000000c8600000, 0x00000000c8600000|100%| E|CS|TAMS 0x00000000c8500000, 0x00000000c8500000| Complete 
|  88|0x00000000c8600000, 0x00000000c8700000, 0x00000000c8700000|100%| S|CS|TAMS 0x00000000c8600000, 0x00000000c8600000| Complete 
|  89|0x00000000c8700000, 0x00000000c87ffa68, 0x00000000c8800000| 99%| E|  |TAMS 0x00000000c8700000, 0x00000000c8700000| Complete 
|  90|0x00000000c8800000, 0x00000000c8900000, 0x00000000c8900000|100%| E|CS|TAMS 0x00000000c8800000, 0x00000000c8800000| Complete 
|  91|0x00000000c8900000, 0x00000000c8a00000, 0x00000000c8a00000|100%| E|CS|TAMS 0x00000000c8900000, 0x00000000c8900000| Complete 

Card table byte_map: [0x0000022e59b60000,0x0000022e59d50000] _byte_map_base: 0x0000022e59549000

Marking Bits (Prev, Next): (CMBitMap*) 0x0000022e4205dc88, (CMBitMap*) 0x0000022e4205dcc8
 Prev Bits: [0x0000022e59f40000, 0x0000022e5ae88000)
 Next Bits: [0x0000022e5ae90000, 0x0000022e5bdd8000)

Polling page: 0x0000022e3ff00000

Metaspace:

Usage:
  Non-class:      8.16 MB capacity,     8.00 MB ( 98%) used,   141.73 KB (  2%) free+waste,    23.38 KB ( <1%) overhead. 
      Class:      1.11 MB capacity,  1015.55 KB ( 89%) used,   111.08 KB ( 10%) free+waste,    14.38 KB (  1%) overhead. 
       Both:      9.28 MB capacity,     8.99 MB ( 97%) used,   252.81 KB (  3%) free+waste,    37.75 KB ( <1%) overhead. 

Virtual space:
  Non-class space:       10.00 MB reserved,       8.25 MB ( 83%) committed 
      Class space:        1.00 GB reserved,       1.13 MB ( <1%) committed 
             Both:        1.01 GB reserved,       9.38 MB ( <1%) committed 

Chunk freelists:
   Non-Class:  24.00 KB
       Class:  11.00 KB
        Both:  35.00 KB

MaxMetaspaceSize: 17179869184.00 GB
CompressedClassSpaceSize: 1.00 GB

CodeHeap 'non-profiled nmethods': size=120000Kb used=410Kb max_used=410Kb free=119589Kb
 bounds [0x0000022e52000000, 0x0000022e52270000, 0x0000022e59530000]
CodeHeap 'profiled nmethods': size=120000Kb used=2827Kb max_used=2827Kb free=117172Kb
 bounds [0x0000022e4aad0000, 0x0000022e4ada0000, 0x0000022e52000000]
CodeHeap 'non-nmethods': size=5760Kb used=1295Kb max_used=1308Kb free=4464Kb
 bounds [0x0000022e4a530000, 0x0000022e4a7a0000, 0x0000022e4aad0000]
 total_blobs=2518 nmethods=1397 adapters=491
 compilation: enabled
              stopped_count=0, restarted_count=0
 full_count=0

Compilation events (20 events):
Event: 5520.105 Thread 0x0000022e5e83f000 1470       1       sun.awt.image.SunVolatileImage::getGraphicsConfig (5 bytes)
Event: 5520.105 Thread 0x0000022e5e83f000 nmethod 1470 0x0000022e52065510 code [0x0000022e520656a0, 0x0000022e520657d8]
Event: 5520.107 Thread 0x0000022e5e83f000 1471       1       java.util.LinkedList::size (5 bytes)
Event: 5520.107 Thread 0x0000022e5e83f000 nmethod 1471 0x0000022e52065890 code [0x0000022e52065a20, 0x0000022e52065b58]
Event: 5520.108 Thread 0x0000022e5e83f000 1472       3       java.awt.GradientPaint::getTransparency (31 bytes)
Event: 5520.111 Thread 0x0000022e5e83f000 nmethod 1472 0x0000022e4ad90590 code [0x0000022e4ad90740, 0x0000022e4ad90c78]
Event: 5520.111 Thread 0x0000022e5e83f000 1474       3       java.awt.GradientPaintContext::getRaster (170 bytes)
Event: 5520.112 Thread 0x0000022e5e83a800 1477       4       sun.java2d.SunGraphics2D::invalidatePipe (41 bytes)
Event: 5520.113 Thread 0x0000022e5e83f000 nmethod 1474 0x0000022e4ad90d90 code [0x0000022e4ad90fc0, 0x0000022e4ad91940]
Event: 5520.113 Thread 0x0000022e5e83f000 1475       3       sun.awt.image.SunWritableRaster::markDirty (8 bytes)
Event: 5520.113 Thread 0x0000022e5e83f000 nmethod 1475 0x0000022e4ad91c10 code [0x0000022e4ad91dc0, 0x0000022e4ad91fd8]
Event: 5520.113 Thread 0x0000022e5e83f000 1473       1       java.awt.GradientPaintContext::getColorModel (5 bytes)
Event: 5520.113 Thread 0x0000022e5e83f000 nmethod 1473 0x0000022e52066110 code [0x0000022e520662a0, 0x0000022e520663d8]
Event: 5520.115 Thread 0x0000022e5e83a800 nmethod 1477 0x0000022e52066490 code [0x0000022e52066620, 0x0000022e52066ab8]
Event: 5522.732 Thread 0x0000022e5e83f000 1478       3       java.util.LinkedList$ListItr::hasNext (20 bytes)
Event: 5522.732 Thread 0x0000022e5e83f000 nmethod 1478 0x0000022e4ad92090 code [0x0000022e4ad92240, 0x0000022e4ad92438]
Event: 5522.732 Thread 0x0000022e5e83f000 1479       3       java.awt.Image$1::getSurfaceManager (5 bytes)
Event: 5522.733 Thread 0x0000022e5e83f000 nmethod 1479 0x0000022e4ad92510 code [0x0000022e4ad926c0, 0x0000022e4ad92838]
Event: 5522.733 Thread 0x0000022e5e83f000 1480   !   3       sun.java2d.SunGraphics2D::fillRect (74 bytes)
Event: 5522.733 Thread 0x0000022e5e83f000 nmethod 1480 0x0000022e4ad92910 code [0x0000022e4ad92b20, 0x0000022e4ad93290]

GC Heap History (20 events):
Event: 41.173 GC heap before
{Heap before GC invocations=0 (full 0):
 garbage-first heap   total 63488K, used 31744K [0x00000000c2e00000, 0x0000000100000000)
  region size 1024K, 24 young (24576K), 0 survivors (0K)
 Metaspace       used 8746K, capacity 9053K, committed 9088K, reserved 1056768K
  class space    used 1015K, capacity 1141K, committed 1152K, reserved 1048576K
}
Event: 41.178 GC heap after
{Heap after GC invocations=1 (full 0):
 garbage-first heap   total 63488K, used 18464K [0x00000000c2e00000, 0x0000000100000000)
  region size 1024K, 3 young (3072K), 3 survivors (3072K)
 Metaspace       used 8746K, capacity 9053K, committed 9088K, reserved 1056768K
  class space    used 1015K, capacity 1141K, committed 1152K, reserved 1048576K
}
Event: 44.665 GC heap before
{Heap before GC invocations=1 (full 0):
 garbage-first heap   total 63488K, used 29728K [0x00000000c2e00000, 0x0000000100000000)
  region size 1024K, 15 young (15360K), 3 survivors (3072K)
 Metaspace       used 8827K, capacity 9117K, committed 9344K, reserved 1056768K
  class space    used 1015K, capacity 1141K, committed 1152K, reserved 1048576K
}
Event: 44.668 GC heap after
{Heap after GC invocations=2 (full 0):
 garbage-first heap   total 63488K, used 29090K [0x00000000c2e00000, 0x0000000100000000)
  region size 1024K, 2 young (2048K), 2 survivors (2048K)
 Metaspace       used 8827K, capacity 9117K, committed 9344K, reserved 1056768K
  class space    used 1015K, capacity 1141K, committed 1152K, reserved 1048576K
}
Event: 46.670 GC heap before
{Heap before GC invocations=2 (full 0):
 garbage-first heap   total 63488K, used 36258K [0x00000000c2e00000, 0x0000000100000000)
  region size 1024K, 10 young (10240K), 2 survivors (2048K)
 Metaspace       used 8852K, capacity 9181K, committed 9344K, reserved 1056768K
  class space    used 1015K, capacity 1141K, committed 1152K, reserved 1048576K
}
Event: 46.672 GC heap after
{Heap after GC invocations=3 (full 0):
 garbage-first heap   total 63488K, used 37264K [0x00000000c2e00000, 0x0000000100000000)
  region size 1024K, 2 young (2048K), 2 survivors (2048K)
 Metaspace       used 8852K, capacity 9181K, committed 9344K, reserved 1056768K
  class space    used 1015K, capacity 1141K, committed 1152K, reserved 1048576K
}
Event: 48.178 GC heap before
{Heap before GC invocations=3 (full 0):
 garbage-first heap   total 63488K, used 42384K [0x00000000c2e00000, 0x0000000100000000)
  region size 1024K, 8 young (8192K), 2 survivors (2048K)
 Metaspace       used 8891K, capacity 9181K, committed 9344K, reserved 1056768K
  class space    used 1015K, capacity 1141K, committed 1152K, reserved 1048576K
}
Event: 48.180 GC heap after
{Heap after GC invocations=4 (full 0):
 garbage-first heap   total 63488K, used 43459K [0x00000000c2e00000, 0x0000000100000000)
  region size 1024K, 1 young (1024K), 1 survivors (1024K)
 Metaspace       used 8891K, capacity 9181K, committed 9344K, reserved 1056768K
  class space    used 1015K, capacity 1141K, committed 1152K, reserved 1048576K
}
Event: 49.663 GC heap before
{Heap before GC invocations=5 (full 0):
 garbage-first heap   total 75776K, used 46531K [0x00000000c2e00000, 0x0000000100000000)
  region size 1024K, 5 young (5120K), 1 survivors (1024K)
 Metaspace       used 8895K, capacity 9181K, committed 9344K, reserved 1056768K
  class space    used 1015K, capacity 1141K, committed 1152K, reserved 1048576K
}
Event: 49.665 GC heap after
{Heap after GC invocations=6 (full 0):
 garbage-first heap   total 75776K, used 47536K [0x00000000c2e00000, 0x0000000100000000)
  region size 1024K, 1 young (1024K), 1 survivors (1024K)
 Metaspace       used 8895K, capacity 9181K, committed 9344K, reserved 1056768K
  class space    used 1015K, capacity 1141K, committed 1152K, reserved 1048576K
}
Event: 50.170 GC heap before
{Heap before GC invocations=6 (full 0):
 garbage-first heap   total 75776K, used 48560K [0x00000000c2e00000, 0x0000000100000000)
  region size 1024K, 3 young (3072K), 1 survivors (1024K)
 Metaspace       used 8895K, capacity 9181K, committed 9344K, reserved 1056768K
  class space    used 1015K, capacity 1141K, committed 1152K, reserved 1048576K
}
Event: 50.173 GC heap after
{Heap after GC invocations=7 (full 0):
 garbage-first heap   total 75776K, used 48940K [0x00000000c2e00000, 0x0000000100000000)
  region size 1024K, 1 young (1024K), 1 survivors (1024K)
 Metaspace       used 8895K, capacity 9181K, committed 9344K, reserved 1056768K
  class space    used 1015K, capacity 1141K, committed 1152K, reserved 1048576K
}
Event: 52.171 GC heap before
{Heap before GC invocations=7 (full 0):
 garbage-first heap   total 75776K, used 54060K [0x00000000c2e00000, 0x0000000100000000)
  region size 1024K, 7 young (7168K), 1 survivors (1024K)
 Metaspace       used 8929K, capacity 9245K, committed 9344K, reserved 1056768K
  class space    used 1015K, capacity 1141K, committed 1152K, reserved 1048576K
}
Event: 52.173 GC heap after
{Heap after GC invocations=8 (full 0):
 garbage-first heap   total 75776K, used 55088K [0x00000000c2e00000, 0x0000000100000000)
  region size 1024K, 1 young (1024K), 1 survivors (1024K)
 Metaspace       used 8929K, capacity 9245K, committed 9344K, reserved 1056768K
  class space    used 1015K, capacity 1141K, committed 1152K, reserved 1048576K
}
Event: 53.164 GC heap before
{Heap before GC invocations=9 (full 0):
 garbage-first heap   total 94208K, used 58160K [0x00000000c2e00000, 0x0000000100000000)
  region size 1024K, 5 young (5120K), 1 survivors (1024K)
 Metaspace       used 8929K, capacity 9245K, committed 9344K, reserved 1056768K
  class space    used 1015K, capacity 1141K, committed 1152K, reserved 1048576K
}
Event: 53.166 GC heap after
{Heap after GC invocations=10 (full 0):
 garbage-first heap   total 94208K, used 59194K [0x00000000c2e00000, 0x0000000100000000)
  region size 1024K, 1 young (1024K), 1 survivors (1024K)
 Metaspace       used 8929K, capacity 9245K, committed 9344K, reserved 1056768K
  class space    used 1015K, capacity 1141K, committed 1152K, reserved 1048576K
}
Event: 53.673 GC heap before
{Heap before GC invocations=10 (full 0):
 garbage-first heap   total 94208K, used 61242K [0x00000000c2e00000, 0x0000000100000000)
  region size 1024K, 4 young (4096K), 1 survivors (1024K)
 Metaspace       used 8931K, capacity 9245K, committed 9344K, reserved 1056768K
  class space    used 1015K, capacity 1141K, committed 1152K, reserved 1048576K
}
Event: 53.676 GC heap after
{Heap after GC invocations=11 (full 0):
 garbage-first heap   total 94208K, used 62192K [0x00000000c2e00000, 0x0000000100000000)
  region size 1024K, 1 young (1024K), 1 survivors (1024K)
 Metaspace       used 8931K, capacity 9245K, committed 9344K, reserved 1056768K
  class space    used 1015K, capacity 1141K, committed 1152K, reserved 1048576K
}
Event: 54.664 GC heap before
{Heap before GC invocations=11 (full 0):
 garbage-first heap   total 94208K, used 64240K [0x00000000c2e00000, 0x0000000100000000)
  region size 1024K, 4 young (4096K), 1 survivors (1024K)
 Metaspace       used 8943K, capacity 9245K, committed 9344K, reserved 1056768K
  class space    used 1015K, capacity 1141K, committed 1152K, reserved 1048576K
}
Event: 54.668 GC heap after
{Heap after GC invocations=12 (full 0):
 garbage-first heap   total 94208K, used 64914K [0x00000000c2e00000, 0x0000000100000000)
  region size 1024K, 1 young (1024K), 1 survivors (1024K)
 Metaspace       used 8943K, capacity 9245K, committed 9344K, reserved 1056768K
  class space    used 1015K, capacity 1141K, committed 1152K, reserved 1048576K
}

Deoptimization events (20 events):
Event: 0.561 Thread 0x0000022e4202e800 DEOPT PACKING pc=0x0000022e5200f008 sp=0x0000005853bfdbd0
Event: 0.561 Thread 0x0000022e4202e800 DEOPT UNPACKING pc=0x0000022e4a57912f sp=0x0000005853bfdb70 mode 2
Event: 0.729 Thread 0x0000022e6007b800 Uncommon trap: trap_request=0xffffffc6 fr.pc=0x0000022e520322fc relative=0x000000000000033c
Event: 0.729 Thread 0x0000022e6007b800 Uncommon trap: reason=bimorphic_or_optimized_type_check action=maybe_recompile pc=0x0000022e520322fc method=java.util.HashMap.getNode(ILjava/lang/Object;)Ljava/util/HashMap$Node; @ 59 c2
Event: 0.729 Thread 0x0000022e6007b800 DEOPT PACKING pc=0x0000022e520322fc sp=0x00000058550fd340
Event: 0.729 Thread 0x0000022e6007b800 DEOPT UNPACKING pc=0x0000022e4a57912f sp=0x00000058550fd2a8 mode 2
Event: 0.730 Thread 0x0000022e6007b800 Uncommon trap: trap_request=0xffffffc6 fr.pc=0x0000022e520322fc relative=0x000000000000033c
Event: 0.730 Thread 0x0000022e6007b800 Uncommon trap: reason=bimorphic_or_optimized_type_check action=maybe_recompile pc=0x0000022e520322fc method=java.util.HashMap.getNode(ILjava/lang/Object;)Ljava/util/HashMap$Node; @ 59 c2
Event: 0.730 Thread 0x0000022e6007b800 DEOPT PACKING pc=0x0000022e520322fc sp=0x00000058550fd120
Event: 0.730 Thread 0x0000022e6007b800 DEOPT UNPACKING pc=0x0000022e4a57912f sp=0x00000058550fd088 mode 2
Event: 0.730 Thread 0x0000022e6007b800 Uncommon trap: trap_request=0xffffffc6 fr.pc=0x0000022e520322fc relative=0x000000000000033c
Event: 0.730 Thread 0x0000022e6007b800 Uncommon trap: reason=bimorphic_or_optimized_type_check action=maybe_recompile pc=0x0000022e520322fc method=java.util.HashMap.getNode(ILjava/lang/Object;)Ljava/util/HashMap$Node; @ 59 c2
Event: 0.730 Thread 0x0000022e6007b800 DEOPT PACKING pc=0x0000022e520322fc sp=0x00000058550fd1a0
Event: 0.730 Thread 0x0000022e6007b800 DEOPT UNPACKING pc=0x0000022e4a57912f sp=0x00000058550fd108 mode 2
Event: 0.731 Thread 0x0000022e6007b800 Uncommon trap: trap_request=0xffffffc6 fr.pc=0x0000022e520322fc relative=0x000000000000033c
Event: 0.731 Thread 0x0000022e6007b800 Uncommon trap: reason=bimorphic_or_optimized_type_check action=maybe_recompile pc=0x0000022e520322fc method=java.util.HashMap.getNode(ILjava/lang/Object;)Ljava/util/HashMap$Node; @ 59 c2
Event: 0.731 Thread 0x0000022e6007b800 DEOPT PACKING pc=0x0000022e520322fc sp=0x00000058550fd340
Event: 0.731 Thread 0x0000022e6007b800 DEOPT UNPACKING pc=0x0000022e4a57912f sp=0x00000058550fd2a8 mode 2
Event: 55.305 Thread 0x0000022e6007b800 DEOPT PACKING pc=0x0000022e4ac2ed29 sp=0x00000058550fd2b0
Event: 55.305 Thread 0x0000022e6007b800 DEOPT UNPACKING pc=0x0000022e4a57964e sp=0x00000058550fc750 mode 0

Classes unloaded (0 events):
No events

Classes redefined (0 events):
No events

Internal exceptions (20 events):
Event: 0.651 Thread 0x0000022e4202e800 Exception <a 'java/lang/NoSuchMethodError'{0x00000000c67d53f8}: 'java.lang.Object java.lang.invoke.Invokers$Holder.linkToTargetMethod(java.lang.Object, int, java.lang.Object)'> (0x00000000c67d53f8) 
thrown [t:/workspace/open/src/hotspot/share/interpreter/linkResolver.cpp, line 767]
Event: 0.655 Thread 0x0000022e4202e800 Exception <a 'sun/nio/fs/WindowsException'{0x00000000c67d9c78}> (0x00000000c67d9c78) 
thrown [t:/workspace/open/src/hotspot/share/prims/jni.cpp, line 598]
Event: 38.149 Thread 0x0000022e60074800 Exception <a 'sun/nio/fs/WindowsException'{0x00000000c64074f8}> (0x00000000c64074f8) 
thrown [t:/workspace/open/src/hotspot/share/prims/jni.cpp, line 598]
Event: 38.230 Thread 0x0000022e60074800 Exception <a 'sun/nio/fs/WindowsException'{0x00000000c6416788}> (0x00000000c6416788) 
thrown [t:/workspace/open/src/hotspot/share/prims/jni.cpp, line 598]
Event: 40.176 Thread 0x0000022e60074800 Exception <a 'java/io/FileNotFoundException'{0x00000000c59e6368}> (0x00000000c59e6368) 
thrown [t:/workspace/open/src/hotspot/share/prims/jni.cpp, line 598]
Event: 40.681 Thread 0x0000022e60074800 Exception <a 'java/io/FileNotFoundException'{0x00000000c56e4d50}> (0x00000000c56e4d50) 
thrown [t:/workspace/open/src/hotspot/share/prims/jni.cpp, line 598]
Event: 41.180 Thread 0x0000022e60074800 Exception <a 'java/io/FileNotFoundException'{0x00000000c6b60918}> (0x00000000c6b60918) 
thrown [t:/workspace/open/src/hotspot/share/prims/jni.cpp, line 598]
Event: 41.684 Thread 0x0000022e60074800 Exception <a 'java/io/FileNotFoundException'{0x00000000c6b7b798}> (0x00000000c6b7b798) 
thrown [t:/workspace/open/src/hotspot/share/prims/jni.cpp, line 598]
Event: 42.169 Thread 0x0000022e60074800 Exception <a 'java/io/FileNotFoundException'{0x00000000c68db998}> (0x00000000c68db998) 
thrown [t:/workspace/open/src/hotspot/share/prims/jni.cpp, line 598]
Event: 42.678 Thread 0x0000022e60074800 Exception <a 'java/io/FileNotFoundException'{0x00000000c67fdf00}> (0x00000000c67fdf00) 
thrown [t:/workspace/open/src/hotspot/share/prims/jni.cpp, line 598]
Event: 43.170 Thread 0x0000022e60074800 Exception <a 'java/io/FileNotFoundException'{0x00000000c651a1e8}> (0x00000000c651a1e8) 
thrown [t:/workspace/open/src/hotspot/share/prims/jni.cpp, line 598]
Event: 43.674 Thread 0x0000022e60074800 Exception <a 'java/io/FileNotFoundException'{0x00000000c63d3128}> (0x00000000c63d3128) 
thrown [t:/workspace/open/src/hotspot/share/prims/jni.cpp, line 598]
Event: 48.185 Thread 0x0000022e60074800 Exception <a 'java/io/FileNotFoundException'{0x00000000c6b72188}> (0x00000000c6b72188) 
thrown [t:/workspace/open/src/hotspot/share/prims/jni.cpp, line 598]
Event: 48.677 Thread 0x0000022e60074800 Exception <a 'java/io/FileNotFoundException'{0x00000000c7714bb8}> (0x00000000c7714bb8) 
thrown [t:/workspace/open/src/hotspot/share/prims/jni.cpp, line 598]
Event: 49.168 Thread 0x0000022e60074800 Exception <a 'java/io/FileNotFoundException'{0x00000000c76c4cd8}> (0x00000000c76c4cd8) 
thrown [t:/workspace/open/src/hotspot/share/prims/jni.cpp, line 598]
Event: 49.669 Thread 0x0000022e60074800 Exception <a 'java/io/FileNotFoundException'{0x00000000c77d8f20}> (0x00000000c77d8f20) 
thrown [t:/workspace/open/src/hotspot/share/prims/jni.cpp, line 598]
Event: 50.176 Thread 0x0000022e60074800 Exception <a 'java/io/FileNotFoundException'{0x00000000c7772188}> (0x00000000c7772188) 
thrown [t:/workspace/open/src/hotspot/share/prims/jni.cpp, line 598]
Event: 50.683 Thread 0x0000022e60074800 Exception <a 'java/io/FileNotFoundException'{0x00000000c76f1f90}> (0x00000000c76f1f90) 
thrown [t:/workspace/open/src/hotspot/share/prims/jni.cpp, line 598]
Event: 51.180 Thread 0x0000022e60074800 Exception <a 'java/io/FileNotFoundException'{0x00000000c74e0318}> (0x00000000c74e0318) 
thrown [t:/workspace/open/src/hotspot/share/prims/jni.cpp, line 598]
Event: 51.672 Thread 0x0000022e60074800 Exception <a 'java/io/FileNotFoundException'{0x00000000c73d8cf0}> (0x00000000c73d8cf0) 
thrown [t:/workspace/open/src/hotspot/share/prims/jni.cpp, line 598]

Events (20 events):
Event: 5520.050 Thread 0x0000022e5e851800 flushing nmethod 0x0000022e4ac20690
Event: 5523.773 Executing VM operation: RevokeBias
Event: 5523.773 Executing VM operation: RevokeBias done
Event: 5523.774 Executing VM operation: RevokeBias
Event: 5523.774 Executing VM operation: RevokeBias done
Event: 5523.774 Executing VM operation: RevokeBias
Event: 5523.774 Executing VM operation: RevokeBias done
Event: 5523.774 Executing VM operation: RevokeBias
Event: 5523.774 Executing VM operation: RevokeBias done
Event: 5523.774 Executing VM operation: RevokeBias
Event: 5523.774 Executing VM operation: RevokeBias done
Event: 5523.774 Executing VM operation: RevokeBias
Event: 5523.774 Executing VM operation: RevokeBias done
Event: 5523.774 Executing VM operation: RevokeBias
Event: 5523.774 Executing VM operation: RevokeBias done
Event: 5523.774 Executing VM operation: RevokeBias
Event: 5523.774 Executing VM operation: RevokeBias done
Event: 5523.774 Executing VM operation: RevokeBias
Event: 5523.774 Executing VM operation: RevokeBias done
Event: 5523.774 Executing VM operation: BulkRevokeBias


Dynamic libraries:
0x00007ff79bf50000 - 0x00007ff79bf5f000 	C:\Program Files\Java\jdk-13.0.1\bin\javaw.exe
0x00007ffe76420000 - 0x00007ffe7660d000 	C:\Windows\SYSTEM32\ntdll.dll
0x00007ffe75430000 - 0x00007ffe754e3000 	C:\Windows\System32\KERNEL32.DLL
0x00007ffe724e0000 - 0x00007ffe72773000 	C:\Windows\System32\KERNELBASE.dll
0x00007ffe73190000 - 0x00007ffe7328a000 	C:\Windows\System32\ucrtbase.dll
0x00007ffe63ee0000 - 0x00007ffe63ef5000 	C:\Program Files\Java\jdk-13.0.1\bin\VCRUNTIME140.dll
0x00007ffe66f30000 - 0x00007ffe66f48000 	C:\Program Files\Java\jdk-13.0.1\bin\jli.dll
0x00007ffe74e50000 - 0x00007ffe74ef3000 	C:\Windows\System32\ADVAPI32.dll
0x00007ffe75f00000 - 0x00007ffe75f9e000 	C:\Windows\System32\msvcrt.dll
0x00007ffe76200000 - 0x00007ffe7629e000 	C:\Windows\System32\sechost.dll
0x00007ffe75dd0000 - 0x00007ffe75ef2000 	C:\Windows\System32\RPCRT4.dll
0x00007ffe74f70000 - 0x00007ffe75107000 	C:\Windows\System32\USER32.dll
0x00007ffe73520000 - 0x00007ffe73540000 	C:\Windows\System32\win32u.dll
0x00007ffe4d510000 - 0x00007ffe4d789000 	C:\Windows\WinSxS\amd64_microsoft.windows.common-controls_6595b64144ccf1df_6.0.17763.864_none_05b3441807210760\COMCTL32.dll
0x00007ffe754f0000 - 0x00007ffe7581c000 	C:\Windows\System32\combase.dll
0x00007ffe76390000 - 0x00007ffe763b9000 	C:\Windows\System32\GDI32.dll
0x00007ffe73560000 - 0x00007ffe735de000 	C:\Windows\System32\bcryptPrimitives.dll
0x00007ffe72ff0000 - 0x00007ffe73189000 	C:\Windows\System32\gdi32full.dll
0x00007ffe72780000 - 0x00007ffe72820000 	C:\Windows\System32\msvcp_win.dll
0x00007ffe647f0000 - 0x00007ffe647fa000 	C:\Windows\SYSTEM32\VERSION.dll
0x00007ffe763c0000 - 0x00007ffe763ee000 	C:\Windows\System32\IMM32.DLL
0x00007ffe63db0000 - 0x00007ffe63e4b000 	C:\Program Files\Java\jdk-13.0.1\bin\msvcp140.dll
0x00007ffe28d50000 - 0x00007ffe298b6000 	C:\Program Files\Java\jdk-13.0.1\bin\server\jvm.dll
0x00007ffe74f00000 - 0x00007ffe74f08000 	C:\Windows\System32\PSAPI.DLL
0x00007ffe68110000 - 0x00007ffe68119000 	C:\Windows\SYSTEM32\WSOCK32.dll
0x00007ffe6cb80000 - 0x00007ffe6cba4000 	C:\Windows\SYSTEM32\WINMM.dll
0x00007ffe76320000 - 0x00007ffe7638d000 	C:\Windows\System32\WS2_32.dll
0x00007ffe6c700000 - 0x00007ffe6c72d000 	C:\Windows\SYSTEM32\winmmbase.dll
0x00007ffe72850000 - 0x00007ffe7289a000 	C:\Windows\System32\cfgmgr32.dll
0x00007ffe72410000 - 0x00007ffe72421000 	C:\Windows\System32\kernel.appcore.dll
0x00007ffe66ef0000 - 0x00007ffe66f00000 	C:\Program Files\Java\jdk-13.0.1\bin\verify.dll
0x00007ffe70dd0000 - 0x00007ffe70fbd000 	C:\Windows\SYSTEM32\DBGHELP.DLL
0x00007ffe5a1a0000 - 0x00007ffe5a1ca000 	C:\Windows\SYSTEM32\dbgcore.DLL
0x00007ffe50840000 - 0x00007ffe50866000 	C:\Program Files\Java\jdk-13.0.1\bin\java.dll
0x00007ffe5e4a0000 - 0x00007ffe5e4b7000 	C:\Program Files\Java\jdk-13.0.1\bin\zip.dll
0x00007ffe5b9a0000 - 0x00007ffe5b9aa000 	C:\Program Files\Java\jdk-13.0.1\bin\jimage.dll
0x00007ffe73950000 - 0x00007ffe74e44000 	C:\Windows\System32\SHELL32.dll
0x00007ffe75fa0000 - 0x00007ffe76048000 	C:\Windows\System32\shcore.dll
0x00007ffe728a0000 - 0x00007ffe72fed000 	C:\Windows\System32\windows.storage.dll
0x00007ffe72490000 - 0x00007ffe724b4000 	C:\Windows\System32\profapi.dll
0x00007ffe72430000 - 0x00007ffe7248d000 	C:\Windows\System32\powrprof.dll
0x00007ffe75110000 - 0x00007ffe75162000 	C:\Windows\System32\shlwapi.dll
0x00007ffe73540000 - 0x00007ffe73557000 	C:\Windows\System32\cryptsp.dll
0x00007ffe5bfd0000 - 0x00007ffe5bfe9000 	C:\Program Files\Java\jdk-13.0.1\bin\net.dll
0x00007ffe60870000 - 0x00007ffe60962000 	C:\Windows\SYSTEM32\WINHTTP.dll
0x00007ffe71c80000 - 0x00007ffe71ce7000 	C:\Windows\system32\mswsock.dll
0x00007ffe4e590000 - 0x00007ffe4e5a3000 	C:\Program Files\Java\jdk-13.0.1\bin\nio.dll
0x00007ffe31f90000 - 0x00007ffe32129000 	C:\Program Files\Java\jdk-13.0.1\bin\awt.dll
0x00007ffe75170000 - 0x00007ffe75234000 	C:\Windows\System32\OLEAUT32.dll
0x00007ffe6bf40000 - 0x00007ffe6c4fe000 	C:\Windows\SYSTEM32\d2d1.dll
0x00007ffe6cee0000 - 0x00007ffe6cf6c000 	C:\Windows\SYSTEM32\apphelp.dll
0x00007ffe70950000 - 0x00007ffe7097e000 	C:\Windows\system32\DWMAPI.DLL
0x00007ffe73290000 - 0x00007ffe7346b000 	C:\Windows\System32\CRYPT32.dll
0x00007ffe724c0000 - 0x00007ffe724d2000 	C:\Windows\System32\MSASN1.dll
0x00007ffe70670000 - 0x00007ffe7070c000 	C:\Windows\system32\uxtheme.dll
0x00007ffe50680000 - 0x00007ffe507a7000 	C:\Windows\system32\opengl32.dll
0x00007ffe63b60000 - 0x00007ffe63b8c000 	C:\Windows\SYSTEM32\GLU32.dll
0x00007ffe73640000 - 0x00007ffe737ac000 	C:\Windows\System32\MSCTF.dll
0x00007ffe752d0000 - 0x00007ffe75425000 	C:\Windows\System32\ole32.dll
0x00007ffe4c1c0000 - 0x00007ffe4c242000 	C:\Program Files\Java\jdk-13.0.1\bin\freetype.dll
0x00007ffe4bc50000 - 0x00007ffe4bcf6000 	C:\Program Files\Java\jdk-13.0.1\bin\fontmanager.dll
0x00007ffe737b0000 - 0x00007ffe73852000 	C:\Windows\System32\clbcatq.dll
0x00007ffe69fe0000 - 0x00007ffe6a198000 	C:\Windows\SYSTEM32\WindowsCodecs.dll
0x00007ffe5b900000 - 0x00007ffe5b956000 	C:\Windows\system32\dataexchange.dll
0x00007ffe6c530000 - 0x00007ffe6c6f3000 	C:\Windows\system32\dcomp.dll
0x00007ffe6bcc0000 - 0x00007ffe6bf3e000 	C:\Windows\system32\d3d11.dll
0x00007ffe71140000 - 0x00007ffe71202000 	C:\Windows\system32\dxgi.dll
0x00007ffe70740000 - 0x00007ffe7094d000 	C:\Windows\system32\twinapi.appcore.dll
0x00007ffe70980000 - 0x00007ffe709a8000 	C:\Windows\system32\RMCLIENT.dll
0x00007ffe4f6b0000 - 0x00007ffe4f745000 	C:\Windows\System32\TextInputFramework.dll
0x00007ffe6a1f0000 - 0x00007ffe6a512000 	C:\Windows\System32\CoreUIComponents.dll
0x00007ffe6ca90000 - 0x00007ffe6cb72000 	C:\Windows\System32\CoreMessaging.dll
0x00007ffe71480000 - 0x00007ffe714b1000 	C:\Windows\SYSTEM32\ntmarta.dll
0x00007ffe6a980000 - 0x00007ffe6aad3000 	C:\Windows\SYSTEM32\wintypes.dll
0x00007ffe494a0000 - 0x00007ffe4956f000 	C:\Windows\System32\IME\IMEKR\imkrtip.dll
0x00007ffe6cf70000 - 0x00007ffe6d119000 	C:\Windows\SYSTEM32\PROPSYS.dll
0x00007ffe44220000 - 0x00007ffe44358000 	C:\Windows\System32\IME\shared\imetip.dll
0x00007ffe5e280000 - 0x00007ffe5e2ec000 	C:\Windows\SYSTEM32\OLEACC.dll
0x00007ffe429a0000 - 0x00007ffe42b55000 	C:\Windows\SYSTEM32\DUI70.dll
0x00007ffe49880000 - 0x00007ffe498be000 	C:\Windows\System32\IME\IMEKR\imkrapi.dll
0x00007ffe45ae0000 - 0x00007ffe45b1f000 	C:\Windows\System32\IME\shared\imjkapi.dll
0x00007ffe63ec0000 - 0x00007ffe63ed1000 	C:\Program Files\Java\jdk-13.0.1\bin\jsound.dll
0x00007ffe61290000 - 0x00007ffe61326000 	C:\Windows\SYSTEM32\DSOUND.dll
0x00007ffe68140000 - 0x00007ffe681b0000 	C:\Windows\System32\MMDevApi.dll
0x00007ffe72220000 - 0x00007ffe72249000 	C:\Windows\System32\DEVOBJ.dll
0x00007ffe63e70000 - 0x00007ffe63eb4000 	C:\Windows\SYSTEM32\wdmaud.drv
0x00007ffe6a920000 - 0x00007ffe6a92a000 	C:\Windows\SYSTEM32\AVRT.dll
0x00007ffe66be0000 - 0x00007ffe66be9000 	C:\Windows\SYSTEM32\ksuser.dll
0x00007ffe695f0000 - 0x00007ffe69738000 	C:\Windows\SYSTEM32\AUDIOSES.DLL
0x00007ffe66f20000 - 0x00007ffe66f2d000 	C:\Windows\SYSTEM32\msacm32.drv
0x00007ffe61270000 - 0x00007ffe6128c000 	C:\Windows\SYSTEM32\MSACM32.dll
0x00007ffe66f00000 - 0x00007ffe66f0a000 	C:\Windows\SYSTEM32\midimap.dll
0x00007ffe4d7c0000 - 0x00007ffe4d8fa000 	C:\Windows\System32\Windows.UI.dll
0x00007ffe4e900000 - 0x00007ffe4e9cc000 	C:\Windows\System32\InputHost.dll

dbghelp: loaded successfully - version: 4.0.5 - missing functions: none
symbol engine: initialized successfully - sym options: 0x614 - pdb path: .;C:\Program Files\Java\jdk-13.0.1\bin;C:\Windows\SYSTEM32;C:\Windows\WinSxS\amd64_microsoft.windows.common-controls_6595b64144ccf1df_6.0.17763.864_none_05b3441807210760;C:\Program Files\Java\jdk-13.0.1\bin\server;C:\Windows\System32\IME\IMEKR;C:\Windows\System32\IME\shared

VM Arguments:
jvm_args: -Dfile.encoding=MS949 --module-path=C:\Users\madja\Desktop\CodeTracer\bin -Djdk.module.main=CodeTracer 
java_command: CodeTracer/codetracerPack.Main
java_class_path (initial): <not set>
Launcher Type: SUN_STANDARD

[Global flags]
     intx CICompilerCount                          = 4                                         {product} {ergonomic}
     uint ConcGCThreads                            = 2                                         {product} {ergonomic}
     uint G1ConcRefinementThreads                  = 8                                         {product} {ergonomic}
   size_t G1HeapRegionSize                         = 1048576                                   {product} {ergonomic}
    uintx GCDrainStackTargetSize                   = 64                                        {product} {ergonomic}
   size_t InitialHeapSize                          = 65011712                                  {product} {ergonomic}
   size_t MarkStackSize                            = 4194304                                   {product} {ergonomic}
   size_t MaxHeapSize                              = 1025507328                                {product} {ergonomic}
   size_t MaxNewSize                               = 614465536                                 {product} {ergonomic}
   size_t MinHeapDeltaBytes                        = 1048576                                   {product} {ergonomic}
   size_t MinHeapSize                              = 8388608                                   {product} {ergonomic}
    uintx NonNMethodCodeHeapSize                   = 5836300                                {pd product} {ergonomic}
    uintx NonProfiledCodeHeapSize                  = 122910970                              {pd product} {ergonomic}
    uintx ProfiledCodeHeapSize                     = 122910970                              {pd product} {ergonomic}
    uintx ReservedCodeCacheSize                    = 251658240                              {pd product} {ergonomic}
     bool SegmentedCodeCache                       = true                                      {product} {ergonomic}
   size_t SoftMaxHeapSize                          = 1025507328                             {manageable} {ergonomic}
     bool UseCompressedClassPointers               = true                                 {lp64_product} {ergonomic}
     bool UseCompressedOops                        = true                                 {lp64_product} {ergonomic}
     bool UseG1GC                                  = true                                      {product} {ergonomic}
     bool UseLargePagesIndividualAllocation        = false                                  {pd product} {ergonomic}

Logging:
Log output configuration:
 #0: stdout all=warning uptime,level,tags
 #1: stderr all=off uptime,level,tags

Environment Variables:
PATH=C:/Program Files/Java/jdk-13.0.1/bin/server;C:/Program Files/Java/jdk-13.0.1/bin;C:\Windows\system32;C:\Windows;C:\Windows\System32\Wbem;C:\Windows\System32\WindowsPowerShell\v1.0\;C:\Windows\System32\OpenSSH\;C:\Program Files (x86)\NVIDIA Corporation\PhysX\Common;C:\Program Files\NVIDIA Corporation\NVIDIA NvDLISR;C:\Program Files\dotnet\;C:\Users\madja\AppData\Local\Microsoft\WindowsApps;;C:\Users\madja\eclipse\java-2019-09\eclipse;
USERNAME=madja
OS=Windows_NT
PROCESSOR_IDENTIFIER=Intel64 Family 6 Model 142 Stepping 12, GenuineIntel



---------------  S Y S T E M  ---------------

OS: Windows 10 , 64 bit Build 17763 (10.0.17763.475)

CPU:total 8 (initial active 8) (4 cores per cpu, 2 threads per core) family 6 model 142 stepping 12, cmov, cx8, fxsr, mmx, sse, sse2, sse3, ssse3, sse4.1, sse4.2, popcnt, avx, avx2, aes, clmul, erms, 3dnowpref, lzcnt, ht, tsc, tscinvbit, bmi1, bmi2, adx, fma

Memory: 4k page, system-wide physical 3909M (367M free)
TotalPageFile size 15685M (AvailPageFile size 12M)
current process WorkingSet (physical memory assigned to process): 41M, peak: 196M
current process commit charge ("private bytes"): 263M, peak: 263M

vm_info: Java HotSpot(TM) 64-Bit Server VM (13.0.1+9) for windows-amd64 JRE (13.0.1+9), built on Oct  6 2019 12:37:49 by "mach5one" with unknown MS VC++:1916

END.
